
Connected: ('127.0.0.1', 58462)

Key: 7UHLfPeTGU5Io9oPKhTrcNzLkBvUIOwTsS9QdvzUv7Y=

Message ID: 0
Hash value: \xba\xec\xdb\x01`\x10\xee\x04\xfaq\x93\x14\x11\xd3\x8c\xe4']m:\xe8\xbf\xa3\xe4\x18\x89\xbf\x957wH\xf7\xce\xf0\xf2H\xc9z\xa9\xedO\x04\xc9G\xea\x93'\xd5\x17\xd6DF\x86\x11\xec\xee\x90\xa4\xa3%L\x1f\xfc\xc8
Timestamp: 2018-10-22 19:21:22.514736
Message text: Hey
Message confirmed at: 2018-10-22 19:21:22.523469

Message ID: 1
Hash value: \x9c\xd0xI\x93\xca\xbe\xcb\x9a\xa4\x1a\xfe\x1f\xc3\xe2;ML\xbd\x17\xa14\xdb\xae\xde\x7fk\xa7\x02\xa9*_\x05,\xbb4\x08\xdc,\x8aF\x8c3\x84F\xa7m\xd4b\xbe\xa3\xee\xa8g|\xb5w\xeb\x16\x1b\xba\xfd\xa2,
Timestamp: 2018-10-22 19:21:28.833136
Message text: Just testing that it works...
Message confirmed at: 2018-10-22 19:21:28.834711

Message ID: 2
Hash value: \xda\xf8B\xc6\xc8\xd99\x11\xe9\x08\x7f\xb0\x03t\xaa\x17\xb4\x07-z\x0c\x1e0R(b\xa2\xe0dg\x06\xd7\xaa\xb5\xab@\x96\x8d\x01H/k\x14\x95\x1b\xc6\x0ef8J\xb9i4\x00\xdf\x80\xad\xd8\xda\x80\xc2\xb1\xee\x03
Timestamp: 2018-10-22 19:21:32.266750
Message text: Cool
Message confirmed at: 2018-10-22 19:21:32.271130

Message ID: 3
Hash value: _\xa1\xfb+\xeb\xc9\xdd\x03\x0e\x1dP\xcaI:4\xdcc\xdb&\x9d\x03\x01\x9eZ\x17I\x03\xef\x84\xc1jC\xc6\xc3b9w\xcai\x85X\xe6Je\xd5\xc8\x15&\xb4@\xf1]R\xdf\x98\xff\x82\x18T\xdb\x06e\x180
Timestamp: 2018-10-22 19:21:40.167408
Message text: Looks like this is the most recent
Message confirmed at: 2018-10-22 19:21:40.169980
