
Connected: ('127.0.0.1', 38464)

Key: lvT0cTeAsxndZZD3czORQyCY-fmRGNNg9a2pgbmVRuE=

Message ID: 0
Hash value: A\x0e\xce\x17\xf8<\x86\x95\x9a\xf2t\x05\x95\xb2\x03\x17\x17\x03b\xa9\xbc}\xd6x(>\xc3\xd6a\x12\xb6\x05\xff}\xa5\x18E]\t?\x81\xda\xc5\xf5\xe2\xde\x87\x19\xe4R\x00\xfa\x16\xceVck\x92\xb5T\xa6\xba|\xc9
Timestamp: 2018-10-22 18:27:41.307093
Message text: Hey dude
Message confirmed at: 2018-10-22 18:27:41.314420

Message ID: 1
Hash value: \x18S\xed\xeeRe++(\x96\xa8\x94\\\x89\xe1\xa6\x9a\xe31Z,\xb4\x15\xcbl\x82W\x9b\xe1\xa7>n\x02\xe5\x94^\xee;\xb0\xf9b\xd3|\x81\xe9+\xd3\xfd\'\xea\xe2\x8a"3\xc1V\xb0I\x02\x97\xdd\xe1\xec\xab
Timestamp: 2018-10-22 18:27:44.761893
Message text: Wassup
Message confirmed at: 2018-10-22 18:27:44.765698

Message ID: 2
Hash value: \xc9/<q\xf4q:\xaf\xa9\x0b\x9f\x1d\xcdW\x8cX\xaeJ\x1d{\xdb\xa0\x1e&&\r:\x9be\x80\xcb\xa2\xde!\x9d]%\x96\x14\x08\x14\xc7\x04\x84\x8a\x7fv\x8b\x9d\xcfjp\xef\x81T\xfb\xbfU\x17g\xb0\xb2\xe0\x7f
Timestamp: 2018-10-22 18:29:53.931104
Message text: Bro, I really hope Prof. Hutchison gives us good marks for this assignment
Message confirmed at: 2018-10-22 18:29:53.933232

Message ID: 3
Hash value: \xa2\xa1\x9a\x99\xa2\xab\xc0\x01|3%\xcb\xbd,\xf8\xb1Pk\xf0C\xda.\xf9\xd0\x8c\xb23\x1b-2\xa8\x14\xe2\x8d!Fs):{i\xd1\x12z\x03o\xf1\x0eI\xa6?\x04\x00\xdcj\xbd\xbc\xff\xe2\x11X\xa6\x10~
Timestamp: 2018-10-22 18:30:21.473356
Message text: That would be grand.
Message confirmed at: 2018-10-22 18:30:21.476930

Message ID: 4
Hash value: 0I\x98\x936\xad\xe9C\xbcl\xd8\x98\xec\xf0\xd5M\x93\xf8\xfb\xff|15\x11n\xb8\x9a\xde\x10\x82<\xc4\xf8\xb3\x12\xfa\xfc\x0f^\x814\xc2\xfd"\x15\xbdy\xf2\x1aL\xb5)\x83\xca\xea\xe8/\xef\x90\x80{>\x8e\xa7
Timestamp: 2018-10-22 18:30:28.439218
Message text: You don't talk much, huh?
Message confirmed at: 2018-10-22 18:30:28.443138

Message ID: 5
Hash value: H\xd9\x83\x9c\x08\xca\xe1Az\x8dvM\xd1\xb5\xbem\x989\xaf\xbe\xd1\x90;\xb39w\xa7~\x88}\xd8\x07O\xf6\nc\xe6\xc1\xfc\xe5\xe4H\xd4 \xfa\x80\x0bN\x18\xa11a 8?\xe1\xe3\xd5\xc9j\xf0Q\x8c\xaa
Timestamp: 2018-10-22 18:30:32.316098
Message text: k bye
Message confirmed at: 2018-10-22 18:30:32.318391
