
Connected: ('127.0.0.1', 58264)

Key: GBGNp-I29V-ue0mS4SD3d2Y-OG8LSkdplmw1M4Vix5E=

Message ID: 0
Hash value: -\xd8\xe4\xa7\x949\xc6,]6\xdb\xcba\x87\x9a\xbe\x14$\xea\xcf\xf9\xb6\xd7\xb1\xed\x94\xb8\x7fs\xd60z\x8d\xdc\xeb-\xc0\xd8k\x97\xd9\x7fa\x03\x10\x83\xc4\xdeqR\xc6\x10s\xa8\x92T\xe3\x97\xab\xeeh\xc9\xc3\x99
Timestamp: 2018-10-22 17:37:08.603758
Message text: Hey wassup hello

Message ID: 1
Hash value: I\xafw\xf2Y\xfdkH\x0e\xed\x13\xca\r3\xb7?|.\xaf@\x0c\x03S\x17\x04\x80?\xbe6\x7f\xcd\x9f\x10\x9a\x97V\x19\x8fc&\xa0\xfa\xa8d\xb1M\xea\xe2\xbaa{\x8d\xb9\xea\xbfT\xcd\x89|\xea\x1cg\xff=
Timestamp: 2018-10-22 17:37:18.400050
Message text: Can we talk

Message ID: 2
Hash value: \xfdp\x81\xdf\xb4\x9fT\x9a\xbe\xc5\x88\x08\xfb-\x12\xd1\xdd\xf3M5`\x8bc\xe2}f~w~\xb0\xa3>\xb5FG\xc8d\xe7\xdc&\x13s\xc1\x04Y\xd6\x8f\xdd\x03\xf4I\xa2\xed\x84\xd5\xde\xa14~\xec\xbc\x08i\xcc
Timestamp: 2018-10-22 17:37:26.820896
Message text: Are you busy

Message ID: 3
Hash value: \x0f\xa6{t\xccQE^\xb3\xbf{\xf3;\x83\x13\x8a\xd8\xe1\xf7\x17\x05\xcb0r\xd9\xf8\x8amJl\x1b\xe0~\x96\xc3(\xc6\xebX\xd7\xf9\xd0\xebM\xbf<\xcb J/\x95rK\xc3\x91\xda\xcc\xddv\x05\xbf06\xf7
Timestamp: 2018-10-22 17:37:31.096390
Message text: Are you bored

Message ID: 4
Hash value: \xea\x03\xed\x85\xaf\x06>\x1c\x06\x02\xfc\'~$B\x05\x16\x98\x8f\xa5"\xc9s\x1b\xb6xeF_40\x81AvV\x8e$|\x90\xde\x9e\xe0\x01\xb7\xee\tc\x89\xe2 \xb2\x9e\xf5\xfc\xdf\x97\xcaj\xf9\x99\x01\xbah\xb8
Timestamp: 2018-10-22 17:37:33.463833
Message text: No

Message ID: 5
Hash value: "\x87?\x06c\x9cU\xb4\x1a\xba\x05\x7f\xa4+\x1e3\xea\xe8\x95\xef\xc7\xfc\xc6\xde<\x0b\xe3i\x93\x9au\x19\xeb\xc9\xeb\xf04-m\xb1\xcf\x82h\xeb\xea\x0bz\x8dx[\xb7\xe3\x9d\xfav\x90\xae\xcb\xd0\xb2V@\xa2\xd3
Timestamp: 2018-10-22 17:37:36.168057
Message text: ?

Message ID: 6
Hash value: \xdfH\xdf\xaf)\xbfv)\xe9\xc9\xb4C\xdb\xa2N}d\x14%%\xef\xf1\xaa\x8f\x98\xbfF\xe6\xf9X\xfa;\xc1e\xdddh9\xc1\x8c\xe5\xcf\xe8jq\xd8\xcb]\xb9Do\xb0XO\xb6\x0c\x86\x9b\xb8\xc5O\xfb\xe7\x1f
Timestamp: 2018-10-22 17:37:42.170511
Message text: I am...

Message ID: 7
Hash value: \xbf4V\x7fh[q&n\xd2\x90\xdb\xa5\xa1[\xb0\xd4\xb5\x1c\x14\xc9\x9fo{\xdd,\xecm\xd4\xd4\x0b\x9b\xefz(wHm\xfe\xc1\xfe\xe2P\x04\x82\x1a\x11)\xfc\xe2 DF\xc5\xf1\xa0\xcb\x84OW\x88\xf4]t
Timestamp: 2018-10-22 17:37:45.485331
Message text: k bye
