
Connected: ('127.0.0.1', 38436)

Key: WEHQw4QPmWguP5dwzbFnA0nuDAX3GaBjWYe3p1wtTU0=

Message ID: 0
Hash value: h\xbeh\xd2S5AZ \xfe\xb7V\xd3\x1dD\x15\x8d\xbc\x15\xfe\xa3\x0f\xdb\xb5\x95l\xf0 x\xd2`\x9cr\xa3\xa6WY\x9d\xb5\xae\x027]\xb4\xf0[\x925E\xbd\x861\xea/\xa0\xdb\x01\x08\x15\x8d\xb1\xa6\x04\x07
Timestamp: 2018-10-22 18:25:42.870068
Message text: Hey

Message confirmed at: 2018-10-22 18:25:42.883071

Message ID: 1
Hash value: b\xcb\xa5{M\x82b*\xda{zw\xbd\x81OG\xf2\xc3\x8ca\x99sj\x03]\xfc\x95\xee3\xc5\xe5\xde\x9d\xf7\xa6\xc2\xc8\xb3\xdfw\xf7($T\xcc+\x0f\xe2\x9f\xa7\x8c\x8f\xa1w\x98\x91`\xb0\xef'\xa5\x80\x10\xa3
Timestamp: 2018-10-22 18:25:45.562234
Message text: Wassup

Message confirmed at: 2018-10-22 18:25:45.566071

Message ID: 2
Hash value: pe\x0bs\xad\xa7\xbd\xff\xddF/\x96\x13\x8e\x91\xbb)\x9e\x92\x8e\xf9\xa3\xaa\xcfBm4\rm\x07\xba\xd3\xc7\x1fV\x1f\xf2\xda\xa087Dt\xa7\x05\xae\x0f\xfb\xe5\xea\xfb\xcb\xc2\xc75\xff\xa3s9\xea\xe4\x16\xb7\x94
Timestamp: 2018-10-22 18:25:50.603275
Message text: Nice to meet you

Message confirmed at: 2018-10-22 18:25:50.607039

Message ID: 3
Hash value: emHN\x17\x17SG\xfa\x04\xa0\x864[\x9d;\xd5\xc5\x0c\xc4O|G(\x93,\x01\xd0G\x9b A\xe3\x1e\xde\xef\xf2\xd6V\x8a\xe9\\\x0c\x96\xa8\x81h\xf8\xc1g\xe8dC\x89N\x1a\x92u\xbf\xb7\xc1%\xcc\x13
Timestamp: 2018-10-22 18:25:52.329636
Message text: K bye

Message confirmed at: 2018-10-22 18:25:52.333481
