
Connected: ('127.0.0.1', 38444)

Key: rQphWDEK9TtY8Xmkfu448kMSvthJsmWKTPepbJ8zGf8=

Message ID: 0
Hash value: \xd8gc\x0e\xa26\x7fi\x96T\x13\x88\x15a\xd0R\xf8\xd8\xa0\x19\xadq\x05\xc7\xe7\x9f\x9e\xc5q\xf4\x85\x9c\xb2\x1aE\x8cz\x02\xd5\x9c8R\x8f\xcd2\xd7FhfCT\xd9H\xc2\xa1\x14\xdc\xf3\xc6\x13%tfA
Timestamp: 2018-10-22 18:26:37.360988
Message text: Oh yeaaahh
Message confirmed at: 2018-10-22 18:26:37.372066

Message ID: 1
Hash value: \xadg\xa9!$\xd2k\x98`\xedY\xaf\x8fI\xc7\xbd\xf6 \xf5\xd8\rfG\xd9\xba\xef\xfdx\xf6\xcf\xf0\xdej3\xf7\xd8+\x03\xcdDE\xf9\x1bik\xf5\x1a&\xea \xba\xe1X?\xc3\x19\x95\xd9\x1e}\x03~I\xd8
Timestamp: 2018-10-22 18:26:50.101445
Message text: Lovely lovely private connected link
Message confirmed at: 2018-10-22 18:26:50.102994

Message ID: 2
Hash value: \xe8d\x15\xf7[\x8d\xac\x1e"x2\xe9\xcf\xb1\x8b\xe6\xb8\xac\x16\xa8^\xef\x00[-\x9f\x18\x9a\x8c\xc7f_\xc0\xa7\x04!\xedhj\xbf\xe2\x1fU\xab\xfa\xf5\xb2\t\xd8\xda\xa7/Z\xa5\xc2A\x1f\xbaO5\x97\x03\xe4>
Timestamp: 2018-10-22 18:26:53.271534
Message text: Yeahhh
Message confirmed at: 2018-10-22 18:26:53.275413

Message ID: 3
Hash value: P4\xc7\x83\x92\xc0\xe6h\xdaO\xbaPF\x06s\x10\xad\x92\xa6\xe5\x87\xf4O@l\x0b\xd4\x93\xdf\x8eCxwZ\x9b\xb2O\xf2X\t\x18\x91s\xc3\xb4\x0f\xf1\x1d*\x9cc-2\xae\xe9\x92\x80\xc4S\x91yok\x17
Timestamp: 2018-10-22 18:26:55.585487
Message text: k bye
Message confirmed at: 2018-10-22 18:26:55.587562
