
Connected: ('127.0.0.1', 38556)

Key: QFQo75oUBBYIPvgdD-kNzviE4ehNlOujXSnTkkuVJMo=

Message ID: 0
Hash value: z\t\xc8B\x14Q{w\xa7_+\xb9v\xc1\xda\x1b1\xa7C\xe2\xad\x15\x99~Ou\xf6B\xabI\xa7\xed\xcd"\xd6\xa2M\x13\x84\x7f\xabR\xa6\x1bbe:N\xb8\xc6\x8f!;\x01\x84\xc8\x02\x7fK\x1ey\xa9z\x89
Timestamp: 2018-10-22 18:38:01.610948
Message text: Hey
Message confirmed at: 2018-10-22 18:38:01.619378

Message ID: 1
Hash value: z\t\xc8B\x14Q{w\xa7_+\xb9v\xc1\xda\x1b1\xa7C\xe2\xad\x15\x99~Ou\xf6B\xabI\xa7\xed\xcd"\xd6\xa2M\x13\x84\x7f\xabR\xa6\x1bbe:N\xb8\xc6\x8f!;\x01\x84\xc8\x02\x7fK\x1ey\xa9z\x89
Timestamp: 2018-10-22 18:38:01.610948
Warning, you may have been hacked.
Potential replay attack.
Warning, you may have been hacked.
Potential replay attack.
Message text: Hey
Message confirmed at: 2018-10-22 18:38:11.629150

Message ID: 2
Hash value: z\t\xc8B\x14Q{w\xa7_+\xb9v\xc1\xda\x1b1\xa7C\xe2\xad\x15\x99~Ou\xf6B\xabI\xa7\xed\xcd"\xd6\xa2M\x13\x84\x7f\xabR\xa6\x1bbe:N\xb8\xc6\x8f!;\x01\x84\xc8\x02\x7fK\x1ey\xa9z\x89
Timestamp: 2018-10-22 18:38:01.610948
Warning, you may have been hacked.
Potential replay attack.
Warning, you may have been hacked.
Potential replay attack.
Message text: Hey
Message confirmed at: 2018-10-22 18:38:21.641584
