
Connected: ('127.0.0.1', 56756)

Key: mVfDc0PAMitfF_cuDOmxVq2aQ9EUVnuJha_4dNum8Yo=

Message ID: 0
Hash value: Q/\xe5\t\xc3aB\xed\x00\x8e\xd3\xbcCO0\x16g\x11\x10\x08i\x1a/_g\xe5h\xc6W\x8fZ\xc28(1\x1a\x86W\x1d\xde\x8ev\xaf\x86\x10\xf2\xa4G\x8c\x01\xfc,\x11\xba\x89w\xdb0\x8dl\xfeHz 
Timestamp: 2018-10-20 14:03:06.392219
Message text: Hey wassup

Message ID: 1
Hash value: \xbf\t\r\x89\x17\x12\xff\xc8\x85\xe8z"x\xb1l\x9c\xfb\x15\x1b/\x9d\x81l\x9a\xb7v\x95\xe2R\xa7\xaa\xbf\x16\xedF\x1b\x84^\n\xda\x80\xaa\x0f\xc2\xa7J\xb9\x16X\x03gJ\x0b\xc1\x06\x0cS\xb3Bg\x8eE\xe98
Timestamp: 2018-10-20 14:03:11.377282
Message text: Finally

Message ID: 2
Hash value: \xf0.\xc0\x1a\xf2\xcd!\xe5\xb1\xe6\x95\xa3.\xd9\xdcn?\x05\x19D\xff\xa5TL\xe3\xa0U\x01\xf6\xfcI\x85\xa6\xb5\xa1h#\xb9y$s\xa3\x03\xaeBR\xf7:\xab`\xe7\x9en\xb0_\\C\xdafB<\x1b\x02+
Timestamp: 2018-10-20 14:03:16.726930
Message text: I really hope that this works

Message ID: 3
Hash value: L@~\xc0\xca\xa8m\xbcu\xc7\xeb\x01\x9d{\xafc\xef\xedp\xbe\t\x87\xbb\xff\x80R\xcdL\xc5cc>6$v:\xbe\xcb\x0c\x1a\xda\x1e\xb8\xed\xc4\x18\x9eIpp\x9f\x11t\xfbf\xbe\xdf\xe6m\x17\x91m\xf6\x83
Timestamp: 2018-10-20 14:03:18.614275
Message text: tbh

Message ID: 4
Hash value: ,\xa2\xbd\xc5\xfaX\x12mU\xd6\xddwF\x92\xc7\x81l'\xbc:\xb8\x85\x8f\x98\xf0\xfc\xc3\xa9\xff\x94B^R\xc1\xe5\\w\x99\x8dr>e\x94\x8e\x1b\xf2(\x95\x02\x0b\x1auU\xb62\xbb\xc7Z\x08\x7fZCf\x9c
Timestamp: 2018-10-20 14:03:25.069316
Message text: I dont know\

Message ID: 5
Hash value: \x80\x7f\x1f!\x95\x95\x19\xe7\x1aJ(\xc8d\x8f\xe5p\xdd\xbf\xa3\xf0]\xb1~\x06Q\xea-\r<`\x98\t1U\xf6\xd0\x86\xbb2M\xdbtV\x04\xdc\xf1\x02B\r\x10\xc2\xda\xff\x0fKIrLF\xfc]\x9a\xe1z
Timestamp: 2018-10-20 14:03:35.197442
Message text: You can never reeeaaally know..

Message ID: 6
Hash value: \xf3\xd7\x8c&\xb41\x8d\xe4\xc7\xb5\x02\xd7\xe8G\x94NK\x0e\xfc\xb3\x0f>\x89\x8e\xab\x86\x94\xf4\x870q\xb7\xe4\xe7g}\xdf"\xda\xcb\xc0\xf0\x11\xffN\x1b\x15\xdb\xf9*\x9d\x16\x00-I\xd3\n\xaat\xfbv\xf7\xb3\x8c
Timestamp: 2018-10-20 14:03:39.236862
Message text: k bye
